<?xml version="1.0" encoding="UTF-8"?>
<!-- Generated by org.testng.reporters.JUnitReportReporter -->
<testsuite hostname="DESKTOP-BRIFV6M" failures="0" tests="1" name="com.tp.testcases.Logintoapplication" time="3.369" errors="0" timestamp="2024-02-27T21:48:44 IST" skipped="0">
  <testcase classname="com.tp.testcases.Logintoapplication" name="logintest" time="3.369"/>
</testsuite> <!-- com.tp.testcases.Logintoapplication -->
